#
# There is insufficient memory for the Java Runtime Environment to continue.
# Native memory allocation (malloc) failed to allocate 1213456 bytes for Chunk::new
# Possible reasons:
#   The system is out of physical RAM or swap space
#   The process is running with CompressedOops enabled, and the Java Heap may be blocking the growth of the native heap
# Possible solutions:
#   Reduce memory load on the system
#   Increase physical memory or swap space
#   Check if swap backing store is full
#   Decrease Java heap size (-Xmx/-Xms)
#   Decrease number of Java threads
#   Decrease Java thread stack sizes (-Xss)
#   Set larger code cache with -XX:ReservedCodeCacheSize=
#   JVM is running with Unscaled Compressed Oops mode in which the Java heap is
#     placed in the first 4GB address space. The Java Heap base address is the
#     maximum limit for the native heap growth. Please use -XX:HeapBaseMinAddress
#     to set the Java Heap base and to place the Java Heap above 4GB virtual address.
# This output file may be truncated or incomplete.
#
#  Out of Memory Error (./src/hotspot/share/memory/arena.cpp:197), pid=53972, tid=55760
#
# JRE version: OpenJDK Runtime Environment (11.0.13) (build 11.0.13+0-b1751.21-8125866)
# Java VM: OpenJDK 64-Bit Server VM (11.0.13+0-b1751.21-8125866, mixed mode, tiered, compressed oops, g1 gc, windows-amd64)
# No core dump will be written. Minidumps are not enabled by default on client versions of Windows
#

---------------  S U M M A R Y ------------

Command Line: --add-opens=java.base/java.util=ALL-UNNAMED --add-opens=java.base/java.lang=ALL-UNNAMED --add-opens=java.base/java.lang.invoke=ALL-UNNAMED --add-opens=java.base/java.util=ALL-UNNAMED --add-opens=java.prefs/java.util.prefs=ALL-UNNAMED --add-opens=java.prefs/java.util.prefs=ALL-UNNAMED --add-opens=java.base/java.nio.charset=ALL-UNNAMED --add-opens=java.base/java.net=ALL-UNNAMED --add-opens=java.base/java.util.concurrent.atomic=ALL-UNNAMED -Xmx2048m -Dfile.encoding=UTF-8 -Duser.country=US -Duser.language=en -Duser.variant org.gradle.launcher.daemon.bootstrap.GradleDaemon 7.4

Host: AMD Ryzen 7 1800X Eight-Core Processor         , 16 cores, 15G,  Windows 10 , 64 bit Build 19041 (10.0.19041.2251)
Time: Mon Nov 28 18:44:35 2022 Central Standard Time elapsed time: 2.976389 seconds (0d 0h 0m 2s)

---------------  T H R E A D  ---------------

Current thread (0x00000258bfc91000):  JavaThread "C2 CompilerThread0" daemon [_thread_in_native, id=55760, stack(0x00000089dbc00000,0x00000089dbd00000)]


Current CompileTask:
C2:   2976 2742   !   4       java.lang.reflect.Executable::declaredAnnotations (85 bytes)

Stack: [0x00000089dbc00000,0x00000089dbd00000]
Native frames: (J=compiled Java code, j=interpreted, Vv=VM code, C=native code)
V  [jvm.dll+0x6100fa]
V  [jvm.dll+0x747090]
V  [jvm.dll+0x7486ad]
V  [jvm.dll+0x748d83]
V  [jvm.dll+0x24ab48]
V  [jvm.dll+0xc04dc]
V  [jvm.dll+0xc0a0c]
V  [jvm.dll+0x35eb5b]
V  [jvm.dll+0x32b833]
V  [jvm.dll+0x32ad2a]
V  [jvm.dll+0x2032b2]
V  [jvm.dll+0x202437]
V  [jvm.dll+0x188e01]
V  [jvm.dll+0x21106b]
V  [jvm.dll+0x20f8c1]
V  [jvm.dll+0x70de0f]
V  [jvm.dll+0x706a75]
V  [jvm.dll+0x60ed66]
C  [ucrtbase.dll+0x21bb2]
C  [KERNEL32.DLL+0x174b4]
C  [ntdll.dll+0x526a1]


---------------  P R O C E S S  ---------------

Threads class SMR info:
_java_thread_list=0x00000258c2ea79e0, length=35, elements={
0x00000258a437c800, 0x00000258bfc2a800, 0x00000258bfc2e000, 0x00000258bfc88800,
0x00000258bfc89800, 0x00000258bfc8d800, 0x00000258bfc91000, 0x00000258bfc96000,
0x00000258bfc9f800, 0x00000258bfe0f800, 0x00000258bfe23000, 0x00000258bffdd000,
0x00000258c01d5800, 0x00000258c101a800, 0x00000258c0652800, 0x00000258c2743800,
0x00000258c2323800, 0x00000258c112d800, 0x00000258c294b000, 0x00000258c2118800,
0x00000258c21ec800, 0x00000258c1e3c800, 0x00000258c0ac2000, 0x00000258c28a6800,
0x00000258c1dc8000, 0x00000258c2265000, 0x00000258c0e94000, 0x00000258c2786000,
0x00000258c2782000, 0x00000258c2782800, 0x00000258c2786800, 0x00000258c2785000,
0x00000258c2784800, 0x00000258c2781000, 0x00000258c2787800
}

Java Threads: ( => current thread )
  0x00000258a437c800 JavaThread "main" [_thread_blocked, id=55620, stack(0x00000089db000000,0x00000089db100000)]
  0x00000258bfc2a800 JavaThread "Reference Handler" daemon [_thread_blocked, id=46052, stack(0x00000089db700000,0x00000089db800000)]
  0x00000258bfc2e000 JavaThread "Finalizer" daemon [_thread_blocked, id=16580, stack(0x00000089db800000,0x00000089db900000)]
  0x00000258bfc88800 JavaThread "Signal Dispatcher" daemon [_thread_blocked, id=43972, stack(0x00000089db900000,0x00000089dba00000)]
  0x00000258bfc89800 JavaThread "Attach Listener" daemon [_thread_blocked, id=55012, stack(0x00000089dba00000,0x00000089dbb00000)]
  0x00000258bfc8d800 JavaThread "Service Thread" daemon [_thread_blocked, id=46556, stack(0x00000089dbb00000,0x00000089dbc00000)]
=>0x00000258bfc91000 JavaThread "C2 CompilerThread0" daemon [_thread_in_native, id=55760, stack(0x00000089dbc00000,0x00000089dbd00000)]
  0x00000258bfc96000 JavaThread "C1 CompilerThread0" daemon [_thread_blocked, id=35556, stack(0x00000089dbd00000,0x00000089dbe00000)]
  0x00000258bfc9f800 JavaThread "Sweeper thread" daemon [_thread_blocked, id=50612, stack(0x00000089dbe00000,0x00000089dbf00000)]
  0x00000258bfe0f800 JavaThread "C1 CompilerThread1" daemon [_thread_blocked, id=54780, stack(0x00000089dbf00000,0x00000089dc000000)]
  0x00000258bfe23000 JavaThread "Common-Cleaner" daemon [_thread_blocked, id=36860, stack(0x00000089dc000000,0x00000089dc100000)]
  0x00000258bffdd000 JavaThread "C2 CompilerThread1" daemon [_thread_blocked, id=27436, stack(0x00000089dc200000,0x00000089dc300000)]
  0x00000258c01d5800 JavaThread "C2 CompilerThread2" daemon [_thread_blocked, id=41540, stack(0x00000089dc300000,0x00000089dc400000)]
  0x00000258c101a800 JavaThread "C1 CompilerThread2" daemon [_thread_blocked, id=13764, stack(0x00000089dc400000,0x00000089dc500000)]
  0x00000258c0652800 JavaThread "C1 CompilerThread3" daemon [_thread_blocked, id=54948, stack(0x00000089dc500000,0x00000089dc600000)]
  0x00000258c2743800 JavaThread "Daemon health stats" [_thread_blocked, id=44976, stack(0x00000089dcb00000,0x00000089dcc00000)]
  0x00000258c2323800 JavaThread "Incoming local TCP Connector on port 53185" [_thread_in_native, id=11868, stack(0x00000089dcc00000,0x00000089dcd00000)]
  0x00000258c112d800 JavaThread "Daemon periodic checks" [_thread_blocked, id=34076, stack(0x00000089dcd00000,0x00000089dce00000)]
  0x00000258c294b000 JavaThread "Daemon" [_thread_blocked, id=49896, stack(0x00000089dce00000,0x00000089dcf00000)]
  0x00000258c2118800 JavaThread "Handler for socket connection from /127.0.0.1:53185 to /127.0.0.1:53187" [_thread_in_native, id=36940, stack(0x00000089dcf00000,0x00000089dd000000)]
  0x00000258c21ec800 JavaThread "Cancel handler" [_thread_blocked, id=54652, stack(0x00000089dd000000,0x00000089dd100000)]
  0x00000258c1e3c800 JavaThread "Daemon worker" [_thread_in_vm, id=51836, stack(0x00000089dd100000,0x00000089dd200000)]
  0x00000258c0ac2000 JavaThread "Asynchronous log dispatcher for DefaultDaemonConnection: socket connection from /127.0.0.1:53185 to /127.0.0.1:53187" [_thread_blocked, id=44000, stack(0x00000089dd200000,0x00000089dd300000)]
  0x00000258c28a6800 JavaThread "Stdin handler" [_thread_blocked, id=52252, stack(0x00000089dd300000,0x00000089dd400000)]
  0x00000258c1dc8000 JavaThread "Daemon client event forwarder" [_thread_blocked, id=52052, stack(0x00000089dd400000,0x00000089dd500000)]
  0x00000258c2265000 JavaThread "Cache worker for journal cache (C:\Users\Adrian\.gradle\caches\journal-1)" [_thread_blocked, id=35148, stack(0x00000089dd500000,0x00000089dd600000)]
  0x00000258c0e94000 JavaThread "File lock request listener" [_thread_in_native, id=53944, stack(0x00000089dd600000,0x00000089dd700000)]
  0x00000258c2786000 JavaThread "Cache worker for file hash cache (C:\Users\Adrian\.gradle\caches\7.4\fileHashes)" [_thread_blocked, id=52668, stack(0x00000089dd700000,0x00000089dd800000)]
  0x00000258c2782000 JavaThread "File watcher server" daemon [_thread_in_native, id=48376, stack(0x00000089de100000,0x00000089de200000)]
  0x00000258c2782800 JavaThread "File watcher consumer" daemon [_thread_blocked, id=31848, stack(0x00000089de200000,0x00000089de300000)]
  0x00000258c2786800 JavaThread "Cache worker for checksums cache (C:\Users\Adrian\AndroidStudioProjects\clotho\.gradle\7.4\checksums)" [_thread_blocked, id=49628, stack(0x00000089de300000,0x00000089de400000)]
  0x00000258c2785000 JavaThread "Cache worker for cache directory md-rule (C:\Users\Adrian\.gradle\caches\7.4\md-rule)" [_thread_blocked, id=44080, stack(0x00000089de400000,0x00000089de500000)]
  0x00000258c2784800 JavaThread "Cache worker for file hash cache (C:\Users\Adrian\AndroidStudioProjects\clotho\.gradle\7.4\fileHashes)" [_thread_blocked, id=42620, stack(0x00000089de500000,0x00000089de600000)]
  0x00000258c2781000 JavaThread "Cache worker for cache directory md-supplier (C:\Users\Adrian\.gradle\caches\7.4\md-supplier)" [_thread_blocked, id=44284, stack(0x00000089de600000,0x00000089de700000)]
  0x00000258c2787800 JavaThread "Cache worker for execution history cache (C:\Users\Adrian\.gradle\caches\7.4\executionHistory)" [_thread_blocked, id=42544, stack(0x00000089de700000,0x00000089de800000)]

Other Threads:
  0x00000258bfc29000 VMThread "VM Thread" [stack: 0x00000089db600000,0x00000089db700000] [id=36148]
  0x00000258bfe6d000 WatcherThread [stack: 0x00000089dc100000,0x00000089dc200000] [id=32252]
  0x00000258a4395800 GCTaskThread "GC Thread#0" [stack: 0x00000089db100000,0x00000089db200000] [id=47164]
  0x00000258c0f66800 GCTaskThread "GC Thread#1" [stack: 0x00000089dc600000,0x00000089dc700000] [id=22324]
  0x00000258c0496800 GCTaskThread "GC Thread#2" [stack: 0x00000089dc700000,0x00000089dc800000] [id=22404]
  0x00000258c0934800 GCTaskThread "GC Thread#3" [stack: 0x00000089dc800000,0x00000089dc900000] [id=8768]
  0x00000258c04a9800 GCTaskThread "GC Thread#4" [stack: 0x00000089dc900000,0x00000089dca00000] [id=15116]
  0x00000258c04aa800 GCTaskThread "GC Thread#5" [stack: 0x00000089dca00000,0x00000089dcb00000] [id=29132]
  0x00000258c23c7800 GCTaskThread "GC Thread#6" [stack: 0x00000089dd800000,0x00000089dd900000] [id=52352]
  0x00000258c1390000 GCTaskThread "GC Thread#7" [stack: 0x00000089dd900000,0x00000089dda00000] [id=51732]
  0x00000258c0f8d800 GCTaskThread "GC Thread#8" [stack: 0x00000089dda00000,0x00000089ddb00000] [id=13524]
  0x00000258c15fa800 GCTaskThread "GC Thread#9" [stack: 0x00000089ddb00000,0x00000089ddc00000] [id=38888]
  0x00000258c10f3800 GCTaskThread "GC Thread#10" [stack: 0x00000089ddc00000,0x00000089ddd00000] [id=43596]
  0x00000258c27b1000 GCTaskThread "GC Thread#11" [stack: 0x00000089ddd00000,0x00000089dde00000] [id=51756]
  0x00000258c27b1800 GCTaskThread "GC Thread#12" [stack: 0x00000089dde00000,0x00000089ddf00000] [id=23312]
  0x00000258a43cc000 ConcurrentGCThread "G1 Main Marker" [stack: 0x00000089db200000,0x00000089db300000] [id=42112]
  0x00000258a43ce000 ConcurrentGCThread "G1 Conc#0" [stack: 0x00000089db300000,0x00000089db400000] [id=40704]
  0x00000258c0d06000 ConcurrentGCThread "G1 Conc#1" [stack: 0x00000089ddf00000,0x00000089de000000] [id=28248]
  0x00000258c1557800 ConcurrentGCThread "G1 Conc#2" [stack: 0x00000089de000000,0x00000089de100000] [id=46648]
  0x00000258a445e000 ConcurrentGCThread "G1 Refine#0" [stack: 0x00000089db400000,0x00000089db500000] [id=49416]
  0x00000258bf26e800 ConcurrentGCThread "G1 Young RemSet Sampling" [stack: 0x00000089db500000,0x00000089db600000] [id=53704]

Threads with active compile tasks:
C2 CompilerThread0   2990 2742   !   4       java.lang.reflect.Executable::declaredAnnotations (85 bytes)

VM state:not at safepoint (normal execution)

VM Mutex/Monitor currently owned by a thread: None

Heap address: 0x0000000080000000, size: 2048 MB, Compressed Oops mode: 32-bit
Narrow klass base: 0x0000000000000000, Narrow klass shift: 3
Compressed class space size: 1073741824 Address: 0x0000000100000000

Heap:
 garbage-first heap   total 262144K, used 91680K [0x0000000080000000, 0x0000000100000000)
  region size 1024K, 75 young (76800K), 2 survivors (2048K)
 Metaspace       used 31311K, capacity 32025K, committed 32304K, reserved 1085440K
  class space    used 4131K, capacity 4414K, committed 4480K, reserved 1048576K
Heap Regions: E=young(eden), S=young(survivor), O=old, HS=humongous(starts), HC=humongous(continues), CS=collection set, F=free, A=archive, TAMS=top-at-mark-start (previous, next)
|   0|0x0000000080000000, 0x0000000080100000, 0x0000000080100000|100%| O|  |TAMS 0x0000000080000000, 0x0000000080000000| Untracked 
|   1|0x0000000080100000, 0x0000000080200000, 0x0000000080200000|100%| O|  |TAMS 0x0000000080100000, 0x0000000080100000| Untracked 
|   2|0x0000000080200000, 0x0000000080300000, 0x0000000080300000|100%| O|  |TAMS 0x0000000080200000, 0x0000000080200000| Untracked 
|   3|0x0000000080300000, 0x0000000080400000, 0x0000000080400000|100%|HS|  |TAMS 0x0000000080400000, 0x0000000080300000| Complete 
|   4|0x0000000080400000, 0x0000000080500000, 0x0000000080500000|100%|HC|  |TAMS 0x0000000080500000, 0x0000000080400000| Complete 
|   5|0x0000000080500000, 0x0000000080600000, 0x0000000080600000|100%|HC|  |TAMS 0x0000000080600000, 0x0000000080500000| Complete 
|   6|0x0000000080600000, 0x0000000080700000, 0x0000000080700000|100%| O|  |TAMS 0x0000000080700000, 0x0000000080600000| Untracked 
|   7|0x0000000080700000, 0x0000000080800000, 0x0000000080800000|100%| O|  |TAMS 0x0000000080800000, 0x0000000080700000| Untracked 
|   8|0x0000000080800000, 0x0000000080900000, 0x0000000080900000|100%| O|  |TAMS 0x00000000808c5600, 0x0000000080800000| Untracked 
|   9|0x0000000080900000, 0x0000000080a00000, 0x0000000080a00000|100%| O|  |TAMS 0x0000000080900000, 0x0000000080900000| Untracked 
|  10|0x0000000080a00000, 0x0000000080b00000, 0x0000000080b00000|100%| O|  |TAMS 0x0000000080a00000, 0x0000000080a00000| Untracked 
|  11|0x0000000080b00000, 0x0000000080c00000, 0x0000000080c00000|100%| O|  |TAMS 0x0000000080b00000, 0x0000000080b00000| Untracked 
|  12|0x0000000080c00000, 0x0000000080d00000, 0x0000000080d00000|100%| O|  |TAMS 0x0000000080c00000, 0x0000000080c00000| Untracked 
|  13|0x0000000080d00000, 0x0000000080e00000, 0x0000000080e00000|100%| O|  |TAMS 0x0000000080d00000, 0x0000000080d00000| Untracked 
|  14|0x0000000080e00000, 0x0000000080f00000, 0x0000000080f00000|100%| O|  |TAMS 0x0000000080e00000, 0x0000000080e00000| Untracked 
|  15|0x0000000080f00000, 0x0000000081000000, 0x0000000081000000|100%| O|  |TAMS 0x0000000080f00000, 0x0000000080f00000| Untracked 
|  16|0x0000000081000000, 0x000000008100a200, 0x0000000081100000|  3%| O|  |TAMS 0x0000000081000000, 0x0000000081000000| Untracked 
|  17|0x0000000081100000, 0x0000000081100000, 0x0000000081200000|  0%| F|  |TAMS 0x0000000081100000, 0x0000000081100000| Untracked 
|  18|0x0000000081200000, 0x0000000081200000, 0x0000000081300000|  0%| F|  |TAMS 0x0000000081200000, 0x0000000081200000| Untracked 
|  19|0x0000000081300000, 0x0000000081300000, 0x0000000081400000|  0%| F|  |TAMS 0x0000000081300000, 0x0000000081300000| Untracked 
|  20|0x0000000081400000, 0x0000000081400000, 0x0000000081500000|  0%| F|  |TAMS 0x0000000081400000, 0x0000000081400000| Untracked 
|  21|0x0000000081500000, 0x0000000081500000, 0x0000000081600000|  0%| F|  |TAMS 0x0000000081500000, 0x0000000081500000| Untracked 
|  22|0x0000000081600000, 0x0000000081600000, 0x0000000081700000|  0%| F|  |TAMS 0x0000000081600000, 0x0000000081600000| Untracked 
|  23|0x0000000081700000, 0x0000000081700000, 0x0000000081800000|  0%| F|  |TAMS 0x0000000081700000, 0x0000000081700000| Untracked 
|  24|0x0000000081800000, 0x0000000081800000, 0x0000000081900000|  0%| F|  |TAMS 0x0000000081800000, 0x0000000081800000| Untracked 
|  25|0x0000000081900000, 0x0000000081900000, 0x0000000081a00000|  0%| F|  |TAMS 0x0000000081900000, 0x0000000081900000| Untracked 
|  26|0x0000000081a00000, 0x0000000081a00000, 0x0000000081b00000|  0%| F|  |TAMS 0x0000000081a00000, 0x0000000081a00000| Untracked 
|  27|0x0000000081b00000, 0x0000000081b00000, 0x0000000081c00000|  0%| F|  |TAMS 0x0000000081b00000, 0x0000000081b00000| Untracked 
|  28|0x0000000081c00000, 0x0000000081c00000, 0x0000000081d00000|  0%| F|  |TAMS 0x0000000081c00000, 0x0000000081c00000| Untracked 
|  29|0x0000000081d00000, 0x0000000081d00000, 0x0000000081e00000|  0%| F|  |TAMS 0x0000000081d00000, 0x0000000081d00000| Untracked 
|  30|0x0000000081e00000, 0x0000000081e00000, 0x0000000081f00000|  0%| F|  |TAMS 0x0000000081e00000, 0x0000000081e00000| Untracked 
|  31|0x0000000081f00000, 0x0000000081f00000, 0x0000000082000000|  0%| F|  |TAMS 0x0000000081f00000, 0x0000000081f00000| Untracked 
|  32|0x0000000082000000, 0x0000000082000000, 0x0000000082100000|  0%| F|  |TAMS 0x0000000082000000, 0x0000000082000000| Untracked 
|  33|0x0000000082100000, 0x0000000082100000, 0x0000000082200000|  0%| F|  |TAMS 0x0000000082100000, 0x0000000082100000| Untracked 
|  34|0x0000000082200000, 0x0000000082200000, 0x0000000082300000|  0%| F|  |TAMS 0x0000000082200000, 0x0000000082200000| Untracked 
|  35|0x0000000082300000, 0x0000000082300000, 0x0000000082400000|  0%| F|  |TAMS 0x0000000082300000, 0x0000000082300000| Untracked 
|  36|0x0000000082400000, 0x0000000082400000, 0x0000000082500000|  0%| F|  |TAMS 0x0000000082400000, 0x0000000082400000| Untracked 
|  37|0x0000000082500000, 0x0000000082500000, 0x0000000082600000|  0%| F|  |TAMS 0x0000000082500000, 0x0000000082500000| Untracked 
|  38|0x0000000082600000, 0x0000000082600000, 0x0000000082700000|  0%| F|  |TAMS 0x0000000082600000, 0x0000000082600000| Untracked 
|  39|0x0000000082700000, 0x0000000082700000, 0x0000000082800000|  0%| F|  |TAMS 0x0000000082700000, 0x0000000082700000| Untracked 
|  40|0x0000000082800000, 0x0000000082800000, 0x0000000082900000|  0%| F|  |TAMS 0x0000000082800000, 0x0000000082800000| Untracked 
|  41|0x0000000082900000, 0x0000000082900000, 0x0000000082a00000|  0%| F|  |TAMS 0x0000000082900000, 0x0000000082900000| Untracked 
|  42|0x0000000082a00000, 0x0000000082a00000, 0x0000000082b00000|  0%| F|  |TAMS 0x0000000082a00000, 0x0000000082a00000| Untracked 
|  43|0x0000000082b00000, 0x0000000082b00000, 0x0000000082c00000|  0%| F|  |TAMS 0x0000000082b00000, 0x0000000082b00000| Untracked 
|  44|0x0000000082c00000, 0x0000000082c00000, 0x0000000082d00000|  0%| F|  |TAMS 0x0000000082c00000, 0x0000000082c00000| Untracked 
|  45|0x0000000082d00000, 0x0000000082d00000, 0x0000000082e00000|  0%| F|  |TAMS 0x0000000082d00000, 0x0000000082d00000| Untracked 
|  46|0x0000000082e00000, 0x0000000082e00000, 0x0000000082f00000|  0%| F|  |TAMS 0x0000000082e00000, 0x0000000082e00000| Untracked 
|  47|0x0000000082f00000, 0x0000000082f00000, 0x0000000083000000|  0%| F|  |TAMS 0x0000000082f00000, 0x0000000082f00000| Untracked 
|  48|0x0000000083000000, 0x0000000083000000, 0x0000000083100000|  0%| F|  |TAMS 0x0000000083000000, 0x0000000083000000| Untracked 
|  49|0x0000000083100000, 0x0000000083100000, 0x0000000083200000|  0%| F|  |TAMS 0x0000000083100000, 0x0000000083100000| Untracked 
|  50|0x0000000083200000, 0x0000000083200000, 0x0000000083300000|  0%| F|  |TAMS 0x0000000083200000, 0x0000000083200000| Untracked 
|  51|0x0000000083300000, 0x0000000083300000, 0x0000000083400000|  0%| F|  |TAMS 0x0000000083300000, 0x0000000083300000| Untracked 
|  52|0x0000000083400000, 0x0000000083400000, 0x0000000083500000|  0%| F|  |TAMS 0x0000000083400000, 0x0000000083400000| Untracked 
|  53|0x0000000083500000, 0x0000000083500000, 0x0000000083600000|  0%| F|  |TAMS 0x0000000083500000, 0x0000000083500000| Untracked 
|  54|0x0000000083600000, 0x0000000083600000, 0x0000000083700000|  0%| F|  |TAMS 0x0000000083600000, 0x0000000083600000| Untracked 
|  55|0x0000000083700000, 0x0000000083700000, 0x0000000083800000|  0%| F|  |TAMS 0x0000000083700000, 0x0000000083700000| Untracked 
|  56|0x0000000083800000, 0x0000000083800000, 0x0000000083900000|  0%| F|  |TAMS 0x0000000083800000, 0x0000000083800000| Untracked 
|  57|0x0000000083900000, 0x0000000083900000, 0x0000000083a00000|  0%| F|  |TAMS 0x0000000083900000, 0x0000000083900000| Untracked 
|  58|0x0000000083a00000, 0x0000000083a00000, 0x0000000083b00000|  0%| F|  |TAMS 0x0000000083a00000, 0x0000000083a00000| Untracked 
|  59|0x0000000083b00000, 0x0000000083b00000, 0x0000000083c00000|  0%| F|  |TAMS 0x0000000083b00000, 0x0000000083b00000| Untracked 
|  60|0x0000000083c00000, 0x0000000083c00000, 0x0000000083d00000|  0%| F|  |TAMS 0x0000000083c00000, 0x0000000083c00000| Untracked 
|  61|0x0000000083d00000, 0x0000000083d00000, 0x0000000083e00000|  0%| F|  |TAMS 0x0000000083d00000, 0x0000000083d00000| Untracked 
|  62|0x0000000083e00000, 0x0000000083e00000, 0x0000000083f00000|  0%| F|  |TAMS 0x0000000083e00000, 0x0000000083e00000| Untracked 
|  63|0x0000000083f00000, 0x0000000083f00000, 0x0000000084000000|  0%| F|  |TAMS 0x0000000083f00000, 0x0000000083f00000| Untracked 
|  64|0x0000000084000000, 0x0000000084000000, 0x0000000084100000|  0%| F|  |TAMS 0x0000000084000000, 0x0000000084000000| Untracked 
|  65|0x0000000084100000, 0x0000000084100000, 0x0000000084200000|  0%| F|  |TAMS 0x0000000084100000, 0x0000000084100000| Untracked 
|  66|0x0000000084200000, 0x0000000084200000, 0x0000000084300000|  0%| F|  |TAMS 0x0000000084200000, 0x0000000084200000| Untracked 
|  67|0x0000000084300000, 0x0000000084300000, 0x0000000084400000|  0%| F|  |TAMS 0x0000000084300000, 0x0000000084300000| Untracked 
|  68|0x0000000084400000, 0x0000000084400000, 0x0000000084500000|  0%| F|  |TAMS 0x0000000084400000, 0x0000000084400000| Untracked 
|  69|0x0000000084500000, 0x0000000084500000, 0x0000000084600000|  0%| F|  |TAMS 0x0000000084500000, 0x0000000084500000| Untracked 
|  70|0x0000000084600000, 0x0000000084600000, 0x0000000084700000|  0%| F|  |TAMS 0x0000000084600000, 0x0000000084600000| Untracked 
|  71|0x0000000084700000, 0x0000000084700000, 0x0000000084800000|  0%| F|  |TAMS 0x0000000084700000, 0x0000000084700000| Untracked 
|  72|0x0000000084800000, 0x0000000084800000, 0x0000000084900000|  0%| F|  |TAMS 0x0000000084800000, 0x0000000084800000| Untracked 
|  73|0x0000000084900000, 0x0000000084900000, 0x0000000084a00000|  0%| F|  |TAMS 0x0000000084900000, 0x0000000084900000| Untracked 
|  74|0x0000000084a00000, 0x0000000084a00000, 0x0000000084b00000|  0%| F|  |TAMS 0x0000000084a00000, 0x0000000084a00000| Untracked 
|  75|0x0000000084b00000, 0x0000000084b00000, 0x0000000084c00000|  0%| F|  |TAMS 0x0000000084b00000, 0x0000000084b00000| Untracked 
|  76|0x0000000084c00000, 0x0000000084c00000, 0x0000000084d00000|  0%| F|  |TAMS 0x0000000084c00000, 0x0000000084c00000| Untracked 
|  77|0x0000000084d00000, 0x0000000084d00000, 0x0000000084e00000|  0%| F|  |TAMS 0x0000000084d00000, 0x0000000084d00000| Untracked 
|  78|0x0000000084e00000, 0x0000000084e00000, 0x0000000084f00000|  0%| F|  |TAMS 0x0000000084e00000, 0x0000000084e00000| Untracked 
|  79|0x0000000084f00000, 0x0000000084f00000, 0x0000000085000000|  0%| F|  |TAMS 0x0000000084f00000, 0x0000000084f00000| Untracked 
|  80|0x0000000085000000, 0x0000000085000000, 0x0000000085100000|  0%| F|  |TAMS 0x0000000085000000, 0x0000000085000000| Untracked 
|  81|0x0000000085100000, 0x0000000085100000, 0x0000000085200000|  0%| F|  |TAMS 0x0000000085100000, 0x0000000085100000| Untracked 
|  82|0x0000000085200000, 0x0000000085200000, 0x0000000085300000|  0%| F|  |TAMS 0x0000000085200000, 0x0000000085200000| Untracked 
|  83|0x0000000085300000, 0x0000000085300000, 0x0000000085400000|  0%| F|  |TAMS 0x0000000085300000, 0x0000000085300000| Untracked 
|  84|0x0000000085400000, 0x0000000085400000, 0x0000000085500000|  0%| F|  |TAMS 0x0000000085400000, 0x0000000085400000| Untracked 
|  85|0x0000000085500000, 0x0000000085500000, 0x0000000085600000|  0%| F|  |TAMS 0x0000000085500000, 0x0000000085500000| Untracked 
|  86|0x0000000085600000, 0x0000000085600000, 0x0000000085700000|  0%| F|  |TAMS 0x0000000085600000, 0x0000000085600000| Untracked 
|  87|0x0000000085700000, 0x0000000085700000, 0x0000000085800000|  0%| F|  |TAMS 0x0000000085700000, 0x0000000085700000| Untracked 
|  88|0x0000000085800000, 0x0000000085800000, 0x0000000085900000|  0%| F|  |TAMS 0x0000000085800000, 0x0000000085800000| Untracked 
|  89|0x0000000085900000, 0x0000000085900000, 0x0000000085a00000|  0%| F|  |TAMS 0x0000000085900000, 0x0000000085900000| Untracked 
|  90|0x0000000085a00000, 0x0000000085a00000, 0x0000000085b00000|  0%| F|  |TAMS 0x0000000085a00000, 0x0000000085a00000| Untracked 
|  91|0x0000000085b00000, 0x0000000085b00000, 0x0000000085c00000|  0%| F|  |TAMS 0x0000000085b00000, 0x0000000085b00000| Untracked 
|  92|0x0000000085c00000, 0x0000000085c00000, 0x0000000085d00000|  0%| F|  |TAMS 0x0000000085c00000, 0x0000000085c00000| Untracked 
|  93|0x0000000085d00000, 0x0000000085d00000, 0x0000000085e00000|  0%| F|  |TAMS 0x0000000085d00000, 0x0000000085d00000| Untracked 
|  94|0x0000000085e00000, 0x0000000085e00000, 0x0000000085f00000|  0%| F|  |TAMS 0x0000000085e00000, 0x0000000085e00000| Untracked 
|  95|0x0000000085f00000, 0x0000000085f00000, 0x0000000086000000|  0%| F|  |TAMS 0x0000000085f00000, 0x0000000085f00000| Untracked 
|  96|0x0000000086000000, 0x0000000086000000, 0x0000000086100000|  0%| F|  |TAMS 0x0000000086000000, 0x0000000086000000| Untracked 
|  97|0x0000000086100000, 0x0000000086100000, 0x0000000086200000|  0%| F|  |TAMS 0x0000000086100000, 0x0000000086100000| Untracked 
|  98|0x0000000086200000, 0x0000000086200000, 0x0000000086300000|  0%| F|  |TAMS 0x0000000086200000, 0x0000000086200000| Untracked 
|  99|0x0000000086300000, 0x0000000086300000, 0x0000000086400000|  0%| F|  |TAMS 0x0000000086300000, 0x0000000086300000| Untracked 
| 100|0x0000000086400000, 0x0000000086400000, 0x0000000086500000|  0%| F|  |TAMS 0x0000000086400000, 0x0000000086400000| Untracked 
| 101|0x0000000086500000, 0x0000000086500000, 0x0000000086600000|  0%| F|  |TAMS 0x0000000086500000, 0x0000000086500000| Untracked 
| 102|0x0000000086600000, 0x0000000086600000, 0x0000000086700000|  0%| F|  |TAMS 0x0000000086600000, 0x0000000086600000| Untracked 
| 103|0x0000000086700000, 0x0000000086700000, 0x0000000086800000|  0%| F|  |TAMS 0x0000000086700000, 0x0000000086700000| Untracked 
| 104|0x0000000086800000, 0x0000000086800000, 0x0000000086900000|  0%| F|  |TAMS 0x0000000086800000, 0x0000000086800000| Untracked 
| 105|0x0000000086900000, 0x0000000086900000, 0x0000000086a00000|  0%| F|  |TAMS 0x0000000086900000, 0x0000000086900000| Untracked 
| 106|0x0000000086a00000, 0x0000000086a00000, 0x0000000086b00000|  0%| F|  |TAMS 0x0000000086a00000, 0x0000000086a00000| Untracked 
| 107|0x0000000086b00000, 0x0000000086b00000, 0x0000000086c00000|  0%| F|  |TAMS 0x0000000086b00000, 0x0000000086b00000| Untracked 
| 108|0x0000000086c00000, 0x0000000086c00000, 0x0000000086d00000|  0%| F|  |TAMS 0x0000000086c00000, 0x0000000086c00000| Untracked 
| 109|0x0000000086d00000, 0x0000000086d00000, 0x0000000086e00000|  0%| F|  |TAMS 0x0000000086d00000, 0x0000000086d00000| Untracked 
| 110|0x0000000086e00000, 0x0000000086e00000, 0x0000000086f00000|  0%| F|  |TAMS 0x0000000086e00000, 0x0000000086e00000| Untracked 
| 111|0x0000000086f00000, 0x0000000086f00000, 0x0000000087000000|  0%| F|  |TAMS 0x0000000086f00000, 0x0000000086f00000| Untracked 
| 112|0x0000000087000000, 0x0000000087000000, 0x0000000087100000|  0%| F|  |TAMS 0x0000000087000000, 0x0000000087000000| Untracked 
| 113|0x0000000087100000, 0x0000000087100000, 0x0000000087200000|  0%| F|  |TAMS 0x0000000087100000, 0x0000000087100000| Untracked 
| 114|0x0000000087200000, 0x0000000087200000, 0x0000000087300000|  0%| F|  |TAMS 0x0000000087200000, 0x0000000087200000| Untracked 
| 115|0x0000000087300000, 0x0000000087300000, 0x0000000087400000|  0%| F|  |TAMS 0x0000000087300000, 0x0000000087300000| Untracked 
| 116|0x0000000087400000, 0x0000000087400000, 0x0000000087500000|  0%| F|  |TAMS 0x0000000087400000, 0x0000000087400000| Untracked 
| 117|0x0000000087500000, 0x0000000087500000, 0x0000000087600000|  0%| F|  |TAMS 0x0000000087500000, 0x0000000087500000| Untracked 
| 118|0x0000000087600000, 0x0000000087600000, 0x0000000087700000|  0%| F|  |TAMS 0x0000000087600000, 0x0000000087600000| Untracked 
| 119|0x0000000087700000, 0x0000000087700000, 0x0000000087800000|  0%| F|  |TAMS 0x0000000087700000, 0x0000000087700000| Untracked 
| 120|0x0000000087800000, 0x0000000087800000, 0x0000000087900000|  0%| F|  |TAMS 0x0000000087800000, 0x0000000087800000| Untracked 
| 121|0x0000000087900000, 0x0000000087900000, 0x0000000087a00000|  0%| F|  |TAMS 0x0000000087900000, 0x0000000087900000| Untracked 
| 122|0x0000000087a00000, 0x0000000087a00000, 0x0000000087b00000|  0%| F|  |TAMS 0x0000000087a00000, 0x0000000087a00000| Untracked 
| 123|0x0000000087b00000, 0x0000000087b00000, 0x0000000087c00000|  0%| F|  |TAMS 0x0000000087b00000, 0x0000000087b00000| Untracked 
| 124|0x0000000087c00000, 0x0000000087c00000, 0x0000000087d00000|  0%| F|  |TAMS 0x0000000087c00000, 0x0000000087c00000| Untracked 
| 125|0x0000000087d00000, 0x0000000087d00000, 0x0000000087e00000|  0%| F|  |TAMS 0x0000000087d00000, 0x0000000087d00000| Untracked 
| 126|0x0000000087e00000, 0x0000000087e00000, 0x0000000087f00000|  0%| F|  |TAMS 0x0000000087e00000, 0x0000000087e00000| Untracked 
| 127|0x0000000087f00000, 0x0000000087f00000, 0x0000000088000000|  0%| F|  |TAMS 0x0000000087f00000, 0x0000000087f00000| Untracked 
| 128|0x0000000088000000, 0x0000000088000000, 0x0000000088100000|  0%| F|  |TAMS 0x0000000088000000, 0x0000000088000000| Untracked 
| 129|0x0000000088100000, 0x0000000088100000, 0x0000000088200000|  0%| F|  |TAMS 0x0000000088100000, 0x0000000088100000| Untracked 
| 130|0x0000000088200000, 0x0000000088200000, 0x0000000088300000|  0%| F|  |TAMS 0x0000000088200000, 0x0000000088200000| Untracked 
| 131|0x0000000088300000, 0x0000000088300000, 0x0000000088400000|  0%| F|  |TAMS 0x0000000088300000, 0x0000000088300000| Untracked 
| 132|0x0000000088400000, 0x0000000088400000, 0x0000000088500000|  0%| F|  |TAMS 0x0000000088400000, 0x0000000088400000| Untracked 
| 133|0x0000000088500000, 0x0000000088500000, 0x0000000088600000|  0%| F|  |TAMS 0x0000000088500000, 0x0000000088500000| Untracked 
| 134|0x0000000088600000, 0x0000000088600000, 0x0000000088700000|  0%| F|  |TAMS 0x0000000088600000, 0x0000000088600000| Untracked 
| 135|0x0000000088700000, 0x0000000088700000, 0x0000000088800000|  0%| F|  |TAMS 0x0000000088700000, 0x0000000088700000| Untracked 
| 136|0x0000000088800000, 0x0000000088800000, 0x0000000088900000|  0%| F|  |TAMS 0x0000000088800000, 0x0000000088800000| Untracked 
| 137|0x0000000088900000, 0x0000000088900000, 0x0000000088a00000|  0%| F|  |TAMS 0x0000000088900000, 0x0000000088900000| Untracked 
| 138|0x0000000088a00000, 0x0000000088a00000, 0x0000000088b00000|  0%| F|  |TAMS 0x0000000088a00000, 0x0000000088a00000| Untracked 
| 139|0x0000000088b00000, 0x0000000088b00000, 0x0000000088c00000|  0%| F|  |TAMS 0x0000000088b00000, 0x0000000088b00000| Untracked 
| 140|0x0000000088c00000, 0x0000000088c00000, 0x0000000088d00000|  0%| F|  |TAMS 0x0000000088c00000, 0x0000000088c00000| Untracked 
| 141|0x0000000088d00000, 0x0000000088d00000, 0x0000000088e00000|  0%| F|  |TAMS 0x0000000088d00000, 0x0000000088d00000| Untracked 
| 142|0x0000000088e00000, 0x0000000088e00000, 0x0000000088f00000|  0%| F|  |TAMS 0x0000000088e00000, 0x0000000088e00000| Untracked 
| 143|0x0000000088f00000, 0x0000000088f00000, 0x0000000089000000|  0%| F|  |TAMS 0x0000000088f00000, 0x0000000088f00000| Untracked 
| 144|0x0000000089000000, 0x0000000089000000, 0x0000000089100000|  0%| F|  |TAMS 0x0000000089000000, 0x0000000089000000| Untracked 
| 145|0x0000000089100000, 0x0000000089100000, 0x0000000089200000|  0%| F|  |TAMS 0x0000000089100000, 0x0000000089100000| Untracked 
| 146|0x0000000089200000, 0x0000000089200000, 0x0000000089300000|  0%| F|  |TAMS 0x0000000089200000, 0x0000000089200000| Untracked 
| 147|0x0000000089300000, 0x0000000089300000, 0x0000000089400000|  0%| F|  |TAMS 0x0000000089300000, 0x0000000089300000| Untracked 
| 148|0x0000000089400000, 0x0000000089400000, 0x0000000089500000|  0%| F|  |TAMS 0x0000000089400000, 0x0000000089400000| Untracked 
| 149|0x0000000089500000, 0x0000000089500000, 0x0000000089600000|  0%| F|  |TAMS 0x0000000089500000, 0x0000000089500000| Untracked 
| 150|0x0000000089600000, 0x0000000089600000, 0x0000000089700000|  0%| F|  |TAMS 0x0000000089600000, 0x0000000089600000| Untracked 
| 151|0x0000000089700000, 0x0000000089700000, 0x0000000089800000|  0%| F|  |TAMS 0x0000000089700000, 0x0000000089700000| Untracked 
| 152|0x0000000089800000, 0x0000000089800000, 0x0000000089900000|  0%| F|  |TAMS 0x0000000089800000, 0x0000000089800000| Untracked 
| 153|0x0000000089900000, 0x0000000089900000, 0x0000000089a00000|  0%| F|  |TAMS 0x0000000089900000, 0x0000000089900000| Untracked 
| 154|0x0000000089a00000, 0x0000000089a00000, 0x0000000089b00000|  0%| F|  |TAMS 0x0000000089a00000, 0x0000000089a00000| Untracked 
| 155|0x0000000089b00000, 0x0000000089b00000, 0x0000000089c00000|  0%| F|  |TAMS 0x0000000089b00000, 0x0000000089b00000| Untracked 
| 156|0x0000000089c00000, 0x0000000089c00000, 0x0000000089d00000|  0%| F|  |TAMS 0x0000000089c00000, 0x0000000089c00000| Untracked 
| 157|0x0000000089d00000, 0x0000000089d00000, 0x0000000089e00000|  0%| F|  |TAMS 0x0000000089d00000, 0x0000000089d00000| Untracked 
| 158|0x0000000089e00000, 0x0000000089e00000, 0x0000000089f00000|  0%| F|  |TAMS 0x0000000089e00000, 0x0000000089e00000| Untracked 
| 159|0x0000000089f00000, 0x0000000089f00000, 0x000000008a000000|  0%| F|  |TAMS 0x0000000089f00000, 0x0000000089f00000| Untracked 
| 160|0x000000008a000000, 0x000000008a000000, 0x000000008a100000|  0%| F|  |TAMS 0x000000008a000000, 0x000000008a000000| Untracked 
| 161|0x000000008a100000, 0x000000008a100000, 0x000000008a200000|  0%| F|  |TAMS 0x000000008a100000, 0x000000008a100000| Untracked 
| 162|0x000000008a200000, 0x000000008a200000, 0x000000008a300000|  0%| F|  |TAMS 0x000000008a200000, 0x000000008a200000| Untracked 
| 163|0x000000008a300000, 0x000000008a300000, 0x000000008a400000|  0%| F|  |TAMS 0x000000008a300000, 0x000000008a300000| Untracked 
| 164|0x000000008a400000, 0x000000008a400000, 0x000000008a500000|  0%| F|  |TAMS 0x000000008a400000, 0x000000008a400000| Untracked 
| 165|0x000000008a500000, 0x000000008a500000, 0x000000008a600000|  0%| F|  |TAMS 0x000000008a500000, 0x000000008a500000| Untracked 
| 166|0x000000008a600000, 0x000000008a600000, 0x000000008a700000|  0%| F|  |TAMS 0x000000008a600000, 0x000000008a600000| Untracked 
| 167|0x000000008a700000, 0x000000008a700000, 0x000000008a800000|  0%| F|  |TAMS 0x000000008a700000, 0x000000008a700000| Untracked 
| 168|0x000000008a800000, 0x000000008a800000, 0x000000008a900000|  0%| F|  |TAMS 0x000000008a800000, 0x000000008a800000| Untracked 
| 169|0x000000008a900000, 0x000000008a900000, 0x000000008aa00000|  0%| F|  |TAMS 0x000000008a900000, 0x000000008a900000| Untracked 
| 170|0x000000008aa00000, 0x000000008aa00000, 0x000000008ab00000|  0%| F|  |TAMS 0x000000008aa00000, 0x000000008aa00000| Untracked 
| 171|0x000000008ab00000, 0x000000008ab00000, 0x000000008ac00000|  0%| F|  |TAMS 0x000000008ab00000, 0x000000008ab00000| Untracked 
| 172|0x000000008ac00000, 0x000000008ac00000, 0x000000008ad00000|  0%| F|  |TAMS 0x000000008ac00000, 0x000000008ac00000| Untracked 
| 173|0x000000008ad00000, 0x000000008ad00000, 0x000000008ae00000|  0%| F|  |TAMS 0x000000008ad00000, 0x000000008ad00000| Untracked 
| 174|0x000000008ae00000, 0x000000008ae00000, 0x000000008af00000|  0%| F|  |TAMS 0x000000008ae00000, 0x000000008ae00000| Untracked 
| 175|0x000000008af00000, 0x000000008af00000, 0x000000008b000000|  0%| F|  |TAMS 0x000000008af00000, 0x000000008af00000| Untracked 
| 176|0x000000008b000000, 0x000000008b000000, 0x000000008b100000|  0%| F|  |TAMS 0x000000008b000000, 0x000000008b000000| Untracked 
| 177|0x000000008b100000, 0x000000008b100000, 0x000000008b200000|  0%| F|  |TAMS 0x000000008b100000, 0x000000008b100000| Untracked 
| 178|0x000000008b200000, 0x000000008b200000, 0x000000008b300000|  0%| F|  |TAMS 0x000000008b200000, 0x000000008b200000| Untracked 
| 179|0x000000008b300000, 0x000000008b300000, 0x000000008b400000|  0%| F|  |TAMS 0x000000008b300000, 0x000000008b300000| Untracked 
| 180|0x000000008b400000, 0x000000008b400000, 0x000000008b500000|  0%| F|  |TAMS 0x000000008b400000, 0x000000008b400000| Untracked 
| 181|0x000000008b500000, 0x000000008b600000, 0x000000008b600000|100%| E|  |TAMS 0x000000008b500000, 0x000000008b500000| Complete 
| 182|0x000000008b600000, 0x000000008b700000, 0x000000008b700000|100%| E|CS|TAMS 0x000000008b600000, 0x000000008b600000| Complete 
| 183|0x000000008b700000, 0x000000008b800000, 0x000000008b800000|100%| E|CS|TAMS 0x000000008b700000, 0x000000008b700000| Complete 
| 184|0x000000008b800000, 0x000000008b900000, 0x000000008b900000|100%| E|CS|TAMS 0x000000008b800000, 0x000000008b800000| Complete 
| 185|0x000000008b900000, 0x000000008ba00000, 0x000000008ba00000|100%| E|CS|TAMS 0x000000008b900000, 0x000000008b900000| Complete 
| 186|0x000000008ba00000, 0x000000008bb00000, 0x000000008bb00000|100%| E|CS|TAMS 0x000000008ba00000, 0x000000008ba00000| Complete 
| 187|0x000000008bb00000, 0x000000008bc00000, 0x000000008bc00000|100%| E|CS|TAMS 0x000000008bb00000, 0x000000008bb00000| Complete 
| 188|0x000000008bc00000, 0x000000008bd00000, 0x000000008bd00000|100%| E|CS|TAMS 0x000000008bc00000, 0x000000008bc00000| Complete 
| 189|0x000000008bd00000, 0x000000008be00000, 0x000000008be00000|100%| E|CS|TAMS 0x000000008bd00000, 0x000000008bd00000| Complete 
| 190|0x000000008be00000, 0x000000008bf00000, 0x000000008bf00000|100%| E|CS|TAMS 0x000000008be00000, 0x000000008be00000| Complete 
| 191|0x000000008bf00000, 0x000000008c000000, 0x000000008c000000|100%| E|CS|TAMS 0x000000008bf00000, 0x000000008bf00000| Complete 
| 192|0x000000008c000000, 0x000000008c100000, 0x000000008c100000|100%| E|CS|TAMS 0x000000008c000000, 0x000000008c000000| Complete 
| 193|0x000000008c100000, 0x000000008c200000, 0x000000008c200000|100%| E|CS|TAMS 0x000000008c100000, 0x000000008c100000| Complete 
| 194|0x000000008c200000, 0x000000008c300000, 0x000000008c300000|100%| E|CS|TAMS 0x000000008c200000, 0x000000008c200000| Complete 
| 195|0x000000008c300000, 0x000000008c400000, 0x000000008c400000|100%| E|CS|TAMS 0x000000008c300000, 0x000000008c300000| Complete 
| 196|0x000000008c400000, 0x000000008c500000, 0x000000008c500000|100%| E|CS|TAMS 0x000000008c400000, 0x000000008c400000| Complete 
| 197|0x000000008c500000, 0x000000008c600000, 0x000000008c600000|100%| E|CS|TAMS 0x000000008c500000, 0x000000008c500000| Complete 
| 198|0x000000008c600000, 0x000000008c700000, 0x000000008c700000|100%| E|CS|TAMS 0x000000008c600000, 0x000000008c600000| Complete 
| 199|0x000000008c700000, 0x000000008c800000, 0x000000008c800000|100%| E|CS|TAMS 0x000000008c700000, 0x000000008c700000| Complete 
| 200|0x000000008c800000, 0x000000008c900000, 0x000000008c900000|100%| E|CS|TAMS 0x000000008c800000, 0x000000008c800000| Complete 
| 201|0x000000008c900000, 0x000000008ca00000, 0x000000008ca00000|100%| E|CS|TAMS 0x000000008c900000, 0x000000008c900000| Complete 
| 202|0x000000008ca00000, 0x000000008cb00000, 0x000000008cb00000|100%| E|CS|TAMS 0x000000008ca00000, 0x000000008ca00000| Complete 
| 203|0x000000008cb00000, 0x000000008cc00000, 0x000000008cc00000|100%| E|CS|TAMS 0x000000008cb00000, 0x000000008cb00000| Complete 
| 204|0x000000008cc00000, 0x000000008cd00000, 0x000000008cd00000|100%| E|CS|TAMS 0x000000008cc00000, 0x000000008cc00000| Complete 
| 205|0x000000008cd00000, 0x000000008ce00000, 0x000000008ce00000|100%| E|CS|TAMS 0x000000008cd00000, 0x000000008cd00000| Complete 
| 206|0x000000008ce00000, 0x000000008cf00000, 0x000000008cf00000|100%| E|CS|TAMS 0x000000008ce00000, 0x000000008ce00000| Complete 
| 207|0x000000008cf00000, 0x000000008d000000, 0x000000008d000000|100%| E|CS|TAMS 0x000000008cf00000, 0x000000008cf00000| Complete 
| 208|0x000000008d000000, 0x000000008d100000, 0x000000008d100000|100%| E|CS|TAMS 0x000000008d000000, 0x000000008d000000| Complete 
| 209|0x000000008d100000, 0x000000008d200000, 0x000000008d200000|100%| E|CS|TAMS 0x000000008d100000, 0x000000008d100000| Complete 
| 210|0x000000008d200000, 0x000000008d300000, 0x000000008d300000|100%| E|CS|TAMS 0x000000008d200000, 0x000000008d200000| Complete 
| 211|0x000000008d300000, 0x000000008d400000, 0x000000008d400000|100%| E|CS|TAMS 0x000000008d300000, 0x000000008d300000| Complete 
| 212|0x000000008d400000, 0x000000008d500000, 0x000000008d500000|100%| E|CS|TAMS 0x000000008d400000, 0x000000008d400000| Complete 
| 213|0x000000008d500000, 0x000000008d600000, 0x000000008d600000|100%| E|CS|TAMS 0x000000008d500000, 0x000000008d500000| Complete 
| 214|0x000000008d600000, 0x000000008d700000, 0x000000008d700000|100%| E|CS|TAMS 0x000000008d600000, 0x000000008d600000| Complete 
| 215|0x000000008d700000, 0x000000008d800000, 0x000000008d800000|100%| E|CS|TAMS 0x000000008d700000, 0x000000008d700000| Complete 
| 216|0x000000008d800000, 0x000000008d900000, 0x000000008d900000|100%| E|CS|TAMS 0x000000008d800000, 0x000000008d800000| Complete 
| 217|0x000000008d900000, 0x000000008da00000, 0x000000008da00000|100%| E|CS|TAMS 0x000000008d900000, 0x000000008d900000| Complete 
| 218|0x000000008da00000, 0x000000008db00000, 0x000000008db00000|100%| E|CS|TAMS 0x000000008da00000, 0x000000008da00000| Complete 
| 219|0x000000008db00000, 0x000000008dc00000, 0x000000008dc00000|100%| E|CS|TAMS 0x000000008db00000, 0x000000008db00000| Complete 
| 220|0x000000008dc00000, 0x000000008dd00000, 0x000000008dd00000|100%| E|CS|TAMS 0x000000008dc00000, 0x000000008dc00000| Complete 
| 221|0x000000008dd00000, 0x000000008de00000, 0x000000008de00000|100%| E|CS|TAMS 0x000000008dd00000, 0x000000008dd00000| Complete 
| 222|0x000000008de00000, 0x000000008df00000, 0x000000008df00000|100%| E|CS|TAMS 0x000000008de00000, 0x000000008de00000| Complete 
| 223|0x000000008df00000, 0x000000008e000000, 0x000000008e000000|100%| E|CS|TAMS 0x000000008df00000, 0x000000008df00000| Complete 
| 224|0x000000008e000000, 0x000000008e07e100, 0x000000008e100000| 49%| S|CS|TAMS 0x000000008e000000, 0x000000008e000000| Complete 
| 225|0x000000008e100000, 0x000000008e200000, 0x000000008e200000|100%| S|CS|TAMS 0x000000008e100000, 0x000000008e100000| Complete 
| 226|0x000000008e200000, 0x000000008e300000, 0x000000008e300000|100%| E|CS|TAMS 0x000000008e200000, 0x000000008e200000| Complete 
| 227|0x000000008e300000, 0x000000008e400000, 0x000000008e400000|100%| E|CS|TAMS 0x000000008e300000, 0x000000008e300000| Complete 
| 228|0x000000008e400000, 0x000000008e500000, 0x000000008e500000|100%| E|CS|TAMS 0x000000008e400000, 0x000000008e400000| Complete 
| 229|0x000000008e500000, 0x000000008e600000, 0x000000008e600000|100%| E|CS|TAMS 0x000000008e500000, 0x000000008e500000| Complete 
| 230|0x000000008e600000, 0x000000008e700000, 0x000000008e700000|100%| E|CS|TAMS 0x000000008e600000, 0x000000008e600000| Complete 
| 231|0x000000008e700000, 0x000000008e800000, 0x000000008e800000|100%| E|CS|TAMS 0x000000008e700000, 0x000000008e700000| Complete 
| 232|0x000000008e800000, 0x000000008e900000, 0x000000008e900000|100%| E|CS|TAMS 0x000000008e800000, 0x000000008e800000| Complete 
| 233|0x000000008e900000, 0x000000008ea00000, 0x000000008ea00000|100%| E|CS|TAMS 0x000000008e900000, 0x000000008e900000| Complete 
| 234|0x000000008ea00000, 0x000000008eb00000, 0x000000008eb00000|100%| E|CS|TAMS 0x000000008ea00000, 0x000000008ea00000| Complete 
| 235|0x000000008eb00000, 0x000000008ec00000, 0x000000008ec00000|100%| E|CS|TAMS 0x000000008eb00000, 0x000000008eb00000| Complete 
| 236|0x000000008ec00000, 0x000000008ed00000, 0x000000008ed00000|100%| E|CS|TAMS 0x000000008ec00000, 0x000000008ec00000| Complete 
| 237|0x000000008ed00000, 0x000000008ee00000, 0x000000008ee00000|100%| E|CS|TAMS 0x000000008ed00000, 0x000000008ed00000| Complete 
| 238|0x000000008ee00000, 0x000000008ef00000, 0x000000008ef00000|100%| E|CS|TAMS 0x000000008ee00000, 0x000000008ee00000| Complete 
| 239|0x000000008ef00000, 0x000000008f000000, 0x000000008f000000|100%| E|CS|TAMS 0x000000008ef00000, 0x000000008ef00000| Complete 
| 240|0x000000008f000000, 0x000000008f100000, 0x000000008f100000|100%| E|CS|TAMS 0x000000008f000000, 0x000000008f000000| Complete 
| 241|0x000000008f100000, 0x000000008f200000, 0x000000008f200000|100%| E|CS|TAMS 0x000000008f100000, 0x000000008f100000| Complete 
| 242|0x000000008f200000, 0x000000008f300000, 0x000000008f300000|100%| E|CS|TAMS 0x000000008f200000, 0x000000008f200000| Complete 
| 243|0x000000008f300000, 0x000000008f400000, 0x000000008f400000|100%| E|CS|TAMS 0x000000008f300000, 0x000000008f300000| Complete 
| 244|0x000000008f400000, 0x000000008f500000, 0x000000008f500000|100%| E|CS|TAMS 0x000000008f400000, 0x000000008f400000| Complete 
| 245|0x000000008f500000, 0x000000008f600000, 0x000000008f600000|100%| E|CS|TAMS 0x000000008f500000, 0x000000008f500000| Complete 
| 246|0x000000008f600000, 0x000000008f700000, 0x000000008f700000|100%| E|CS|TAMS 0x000000008f600000, 0x000000008f600000| Complete 
| 247|0x000000008f700000, 0x000000008f800000, 0x000000008f800000|100%| E|CS|TAMS 0x000000008f700000, 0x000000008f700000| Complete 
| 248|0x000000008f800000, 0x000000008f900000, 0x000000008f900000|100%| E|CS|TAMS 0x000000008f800000, 0x000000008f800000| Complete 
| 249|0x000000008f900000, 0x000000008fa00000, 0x000000008fa00000|100%| E|CS|TAMS 0x000000008f900000, 0x000000008f900000| Complete 
| 250|0x000000008fa00000, 0x000000008fb00000, 0x000000008fb00000|100%| E|CS|TAMS 0x000000008fa00000, 0x000000008fa00000| Complete 
| 251|0x000000008fb00000, 0x000000008fc00000, 0x000000008fc00000|100%| E|CS|TAMS 0x000000008fb00000, 0x000000008fb00000| Complete 
| 252|0x000000008fc00000, 0x000000008fd00000, 0x000000008fd00000|100%| E|CS|TAMS 0x000000008fc00000, 0x000000008fc00000| Complete 
| 253|0x000000008fd00000, 0x000000008fe00000, 0x000000008fe00000|100%| E|CS|TAMS 0x000000008fd00000, 0x000000008fd00000| Complete 
| 254|0x000000008fe00000, 0x000000008ff00000, 0x000000008ff00000|100%| E|CS|TAMS 0x000000008fe00000, 0x000000008fe00000| Complete 
| 255|0x000000008ff00000, 0x0000000090000000, 0x0000000090000000|100%| E|CS|TAMS 0x000000008ff00000, 0x000000008ff00000| Complete 

Card table byte_map: [0x00000258b7b20000,0x00000258b7f20000] _byte_map_base: 0x00000258b7720000

Marking Bits (Prev, Next): (CMBitMap*) 0x00000258a43c3360, (CMBitMap*) 0x00000258a43c3328
 Prev Bits: [0x00000258ba320000, 0x00000258bc320000)
 Next Bits: [0x00000258b8320000, 0x00000258ba320000)

Polling page: 0x00000258a2300000

Metaspace:

Usage:
  Non-class:     27.09 MB capacity,    26.65 MB ( 98%) used,   387.84 KB (  1%) free+waste,    63.81 KB ( <1%) overhead. 
      Class:      4.31 MB capacity,     4.05 MB ( 94%) used,   236.51 KB (  5%) free+waste,    31.69 KB ( <1%) overhead. 
       Both:     31.40 MB capacity,    30.70 MB ( 98%) used,   624.34 KB (  2%) free+waste,    95.50 KB ( <1%) overhead. 

Virtual space:
  Non-class space:       36.00 MB reserved,      27.17 MB ( 75%) committed 
      Class space:        1.00 GB reserved,       4.38 MB ( <1%) committed 
             Both:        1.04 GB reserved,      31.55 MB (  3%) committed 

Chunk freelists:
   Non-Class:  21.00 KB
       Class:  2.00 KB
        Both:  23.00 KB

MaxMetaspaceSize: 17179869184.00 GB
CompressedClassSpaceSize: 1.00 GB
Initial GC threshold: 20.80 MB
Current GC threshold: 35.08 MB
CDS: off

CodeHeap 'non-profiled nmethods': size=119168Kb used=1472Kb max_used=1472Kb free=117695Kb
 bounds [0x00000258afa40000, 0x00000258afcb0000, 0x00000258b6ea0000]
CodeHeap 'profiled nmethods': size=119168Kb used=6315Kb max_used=6315Kb free=112852Kb
 bounds [0x00000258a85e0000, 0x00000258a8c10000, 0x00000258afa40000]
CodeHeap 'non-nmethods': size=7424Kb used=2920Kb max_used=2971Kb free=4503Kb
 bounds [0x00000258a7ea0000, 0x00000258a8190000, 0x00000258a85e0000]
 total_blobs=3289 nmethods=2778 adapters=420
 compilation: enabled
              stopped_count=0, restarted_count=0
 full_count=0

Compilation events (20 events):
Event: 2.949 Thread 0x00000258c101a800 nmethod 2767 0x00000258afbaed10 code [0x00000258afbaeec0, 0x00000258afbaef78]
Event: 2.949 Thread 0x00000258bfe0f800 nmethod 2768 0x00000258afbaf010 code [0x00000258afbaf1c0, 0x00000258afbaf258]
Event: 2.949 Thread 0x00000258bffdd000 2769       4       org.objectweb.asm.ByteVector::putByte (39 bytes)
Event: 2.950 Thread 0x00000258c01d5800 nmethod 2763 0x00000258afbaf310 code [0x00000258afbaf4a0, 0x00000258afbaf558]
Event: 2.950 Thread 0x00000258c0652800 nmethod 2766 0x00000258a8c04910 code [0x00000258a8c04b80, 0x00000258a8c05638]
Event: 2.951 Thread 0x00000258bfc96000 2770       3       org.gradle.internal.instantiation.generator.AsmBackedClassGenerator::access$100 (5 bytes)
Event: 2.951 Thread 0x00000258c101a800 2771       3       org.gradle.internal.instantiation.generator.AsmBackedClassGenerator::propFieldName (8 bytes)
Event: 2.951 Thread 0x00000258bfe0f800 2772       3       org.gradle.internal.instantiation.generator.AsmBackedClassGenerator::propFieldName (25 bytes)
Event: 2.951 Thread 0x00000258c0652800 2773       3       org.objectweb.asm.Frame::setLocal (65 bytes)
Event: 2.951 Thread 0x00000258bfc96000 nmethod 2770 0x00000258a8c05990 code [0x00000258a8c05bc0, 0x00000258a8c06088]
Event: 2.951 Thread 0x00000258c101a800 nmethod 2771 0x00000258a8c06310 code [0x00000258a8c06540, 0x00000258a8c069c8]
Event: 2.951 Thread 0x00000258bfc96000 2774       1       org.gradle.internal.instantiation.generator.AbstractClassGenerator$PropertyMetadata::getOverridableSetters (5 bytes)
Event: 2.951 Thread 0x00000258c0652800 nmethod 2773 0x00000258a8c06c10 code [0x00000258a8c06e00, 0x00000258a8c07328]
Event: 2.951 Thread 0x00000258bfe0f800 nmethod 2772 0x00000258a8c07510 code [0x00000258a8c07760, 0x00000258a8c07f38]
Event: 2.951 Thread 0x00000258bffdd000 nmethod 2769 0x00000258afbaf690 code [0x00000258afbaf840, 0x00000258afbaf968]
Event: 2.951 Thread 0x00000258bfc96000 nmethod 2774 0x00000258afbafa90 code [0x00000258afbafc40, 0x00000258afbafcf8]
Event: 2.953 Thread 0x00000258c101a800 2775       3       org.gradle.internal.service.DefaultServiceRegistry$InstanceUnpackingVisitor::visit (39 bytes)
Event: 2.954 Thread 0x00000258c101a800 nmethod 2775 0x00000258a8c08210 code [0x00000258a8c08420, 0x00000258a8c089c8]
Event: 2.954 Thread 0x00000258c0652800 2776       3       org.gradle.internal.service.RelevantMethods::toServiceMethodList (61 bytes)
Event: 2.954 Thread 0x00000258c0652800 nmethod 2776 0x00000258a8c08c10 code [0x00000258a8c08ea0, 0x00000258a8c09b18]

GC Heap History (6 events):
Event: 0.604 GC heap before
{Heap before GC invocations=0 (full 0):
 garbage-first heap   total 262144K, used 29696K [0x0000000080000000, 0x0000000100000000)
  region size 1024K, 24 young (24576K), 0 survivors (0K)
 Metaspace       used 9735K, capacity 9960K, committed 10112K, reserved 1058816K
  class space    used 990K, capacity 1069K, committed 1152K, reserved 1048576K
}
Event: 0.608 GC heap after
{Heap after GC invocations=1 (full 0):
 garbage-first heap   total 262144K, used 8981K [0x0000000080000000, 0x0000000100000000)
  region size 1024K, 3 young (3072K), 3 survivors (3072K)
 Metaspace       used 9735K, capacity 9960K, committed 10112K, reserved 1058816K
  class space    used 990K, capacity 1069K, committed 1152K, reserved 1048576K
}
Event: 1.957 GC heap before
{Heap before GC invocations=1 (full 0):
 garbage-first heap   total 262144K, used 114453K [0x0000000080000000, 0x0000000100000000)
  region size 1024K, 107 young (109568K), 3 survivors (3072K)
 Metaspace       used 20787K, capacity 21180K, committed 21296K, reserved 1069056K
  class space    used 2515K, capacity 2681K, committed 2688K, reserved 1048576K
}
Event: 1.965 GC heap after
{Heap after GC invocations=2 (full 0):
 garbage-first heap   total 262144K, used 16962K [0x0000000080000000, 0x0000000100000000)
  region size 1024K, 11 young (11264K), 11 survivors (11264K)
 Metaspace       used 20787K, capacity 21180K, committed 21296K, reserved 1069056K
  class space    used 2515K, capacity 2681K, committed 2688K, reserved 1048576K
}
Event: 2.226 GC heap before
{Heap before GC invocations=3 (full 0):
 garbage-first heap   total 262144K, used 47682K [0x0000000080000000, 0x0000000100000000)
  region size 1024K, 41 young (41984K), 11 survivors (11264K)
 Metaspace       used 23897K, capacity 24376K, committed 24496K, reserved 1071104K
  class space    used 3004K, capacity 3219K, committed 3328K, reserved 1048576K
}
Event: 2.232 GC heap after
{Heap after GC invocations=4 (full 0):
 garbage-first heap   total 262144K, used 17952K [0x0000000080000000, 0x0000000100000000)
  region size 1024K, 2 young (2048K), 2 survivors (2048K)
 Metaspace       used 23897K, capacity 24376K, committed 24496K, reserved 1071104K
  class space    used 3004K, capacity 3219K, committed 3328K, reserved 1048576K
}

Deoptimization events (20 events):
Event: 2.405 Thread 0x00000258c1e3c800 DEOPT PACKING pc=0x00000258afaf61ec sp=0x00000089dd1fcbf0
Event: 2.405 Thread 0x00000258c1e3c800 DEOPT UNPACKING pc=0x00000258a7eea1af sp=0x00000089dd1fcb70 mode 2
Event: 2.670 Thread 0x00000258c1e3c800 Uncommon trap: trap_request=0xffffff4d fr.pc=0x00000258afb35c4c relative=0x000000000000020c
Event: 2.670 Thread 0x00000258c1e3c800 Uncommon trap: reason=unstable_if action=reinterpret pc=0x00000258afb35c4c method=java.util.HashMap.hash(Ljava/lang/Object;)I @ 1 c2
Event: 2.670 Thread 0x00000258c1e3c800 DEOPT PACKING pc=0x00000258afb35c4c sp=0x00000089dd1f7e20
Event: 2.670 Thread 0x00000258c1e3c800 DEOPT UNPACKING pc=0x00000258a7eea1af sp=0x00000089dd1f7d58 mode 2
Event: 2.670 Thread 0x00000258c1e3c800 Uncommon trap: trap_request=0xffffff4d fr.pc=0x00000258afb3e72c relative=0x000000000000008c
Event: 2.670 Thread 0x00000258c1e3c800 Uncommon trap: reason=unstable_if action=reinterpret pc=0x00000258afb3e72c method=java.util.HashMap.hash(Ljava/lang/Object;)I @ 1 c2
Event: 2.670 Thread 0x00000258c1e3c800 DEOPT PACKING pc=0x00000258afb3e72c sp=0x00000089dd1f7b90
Event: 2.670 Thread 0x00000258c1e3c800 DEOPT UNPACKING pc=0x00000258a7eea1af sp=0x00000089dd1f7b28 mode 2
Event: 2.712 Thread 0x00000258c1e3c800 Uncommon trap: trap_request=0xffffff4d fr.pc=0x00000258afb965e4 relative=0x00000000000001a4
Event: 2.712 Thread 0x00000258c1e3c800 Uncommon trap: reason=unstable_if action=reinterpret pc=0x00000258afb965e4 method=java.util.regex.Pattern$BmpCharProperty.match(Ljava/util/regex/Matcher;ILjava/lang/CharSequence;)Z @ 39 c2
Event: 2.712 Thread 0x00000258c1e3c800 DEOPT PACKING pc=0x00000258afb965e4 sp=0x00000089dd1f9670
Event: 2.712 Thread 0x00000258c1e3c800 DEOPT UNPACKING pc=0x00000258a7eea1af sp=0x00000089dd1f9620 mode 2
Event: 2.820 Thread 0x00000258c1e3c800 DEOPT PACKING pc=0x00000258a8a757f9 sp=0x00000089dd1f6f80
Event: 2.820 Thread 0x00000258c1e3c800 DEOPT UNPACKING pc=0x00000258a7eea95e sp=0x00000089dd1f64c8 mode 0
Event: 2.947 Thread 0x00000258c1e3c800 Uncommon trap: trap_request=0xffffff4d fr.pc=0x00000258afb2cf98 relative=0x00000000000006b8
Event: 2.947 Thread 0x00000258c1e3c800 Uncommon trap: reason=unstable_if action=reinterpret pc=0x00000258afb2cf98 method=java.util.HashMap.putVal(ILjava/lang/Object;Ljava/lang/Object;ZZ)Ljava/lang/Object; @ 162 c2
Event: 2.947 Thread 0x00000258c1e3c800 DEOPT PACKING pc=0x00000258afb2cf98 sp=0x00000089dd1fa760
Event: 2.947 Thread 0x00000258c1e3c800 DEOPT UNPACKING pc=0x00000258a7eea1af sp=0x00000089dd1fa6e0 mode 2

Classes redefined (0 events):
No events

Internal exceptions (20 events):
Event: 2.238 Thread 0x00000258c1e3c800 Exception <a 'java/lang/NoSuchMethodError'{0x000000008ffa4978}: 'java.lang.Object java.lang.invoke.DirectMethodHandle$Holder.invokeVirtual(java.lang.Object, java.lang.Object, java.lang.Object, java.lang.Object, java.lang.Object, java.lang.Object, java.lang.Object, java.lang.Object, java.lang.Object, java.lang.Object, java.lang.Object, java.lang.Object, java.lang.Object, java.lang.Object, java.lang.Object, java.lang.Object, java.lang.Object, java.lang.Object, java.lang.Object, java.lang.Object, java.lang.Ob
Event: 2.287 Thread 0x00000258c1e3c800 Exception <a 'java/lang/NoSuchMethodError'{0x000000008f7c9040}: 'int java.lang.invoke.DirectMethodHandle$Holder.invokeStaticInit(java.lang.Object, java.lang.Object, java.lang.Object)'> (0x000000008f7c9040) thrown at [./src/hotspot/share/interpreter/linkResolver.cpp, line 773]
Event: 2.342 Thread 0x00000258c1e3c800 Exception <a 'java/lang/NoSuchMethodError'{0x000000008f2b4630}: 'void java.lang.invoke.DirectMethodHandle$Holder.invokeStaticInit(java.lang.Object, java.lang.Object)'> (0x000000008f2b4630) thrown at [./src/hotspot/share/interpreter/linkResolver.cpp, line 773]
Event: 2.421 Thread 0x00000258c1e3c800 Exception <a 'java/lang/NoSuchMethodError'{0x000000008ec2bf00}: 'void java.lang.invoke.DirectMethodHandle$Holder.invokeStatic(java.lang.Object, java.lang.Object, java.lang.Object, java.lang.Object)'> (0x000000008ec2bf00) thrown at [./src/hotspot/share/interpreter/linkResolver.cpp, line 773]
Event: 2.424 Thread 0x00000258c1e3c800 Exception <a 'java/lang/NoSuchMethodError'{0x000000008ec4b088}: 'int java.lang.invoke.DirectMethodHandle$Holder.invokeVirtual(java.lang.Object, java.lang.Object)'> (0x000000008ec4b088) thrown at [./src/hotspot/share/interpreter/linkResolver.cpp, line 773]
Event: 2.427 Thread 0x00000258c1e3c800 Exception <a 'java/lang/NoSuchMethodError'{0x000000008ec63c18}: 'java.lang.Object java.lang.invoke.DirectMethodHandle$Holder.invokeVirtual(java.lang.Object, java.lang.Object, java.lang.Object)'> (0x000000008ec63c18) thrown at [./src/hotspot/share/interpreter/linkResolver.cpp, line 773]
Event: 2.435 Thread 0x00000258c1e3c800 Exception <a 'java/lang/NoSuchMethodError'{0x000000008eb100b8}: 'int java.lang.invoke.DirectMethodHandle$Holder.invokeVirtual(java.lang.Object, java.lang.Object, java.lang.Object)'> (0x000000008eb100b8) thrown at [./src/hotspot/share/interpreter/linkResolver.cpp, line 773]
Event: 2.464 Thread 0x00000258c1e3c800 Exception <a 'java/lang/NoSuchMethodError'{0x000000008ead7108}: 'void java.lang.invoke.DirectMethodHandle$Holder.invokeSpecial(java.lang.Object, java.lang.Object)'> (0x000000008ead7108) thrown at [./src/hotspot/share/interpreter/linkResolver.cpp, line 773]
Event: 2.578 Thread 0x00000258c1e3c800 Exception <a 'java/lang/NoSuchMethodError'{0x000000008dad43f0}: 'java.lang.Object java.lang.invoke.DirectMethodHandle$Holder.invokeSpecialIFC(java.lang.Object, java.lang.Object, java.lang.Object, java.lang.Object)'> (0x000000008dad43f0) thrown at [./src/hotspot/share/interpreter/linkResolver.cpp, line 773]
Event: 2.670 Thread 0x00000258c1e3c800 Implicit null exception at 0x00000258afb35a75 to 0x00000258afb35c3c
Event: 2.670 Thread 0x00000258c1e3c800 Implicit null exception at 0x00000258afb3e6af to 0x00000258afb3e71d
Event: 2.715 Thread 0x00000258c1e3c800 Exception <a 'java/lang/NoSuchMethodError'{0x000000008cf53fd0}: 'java.lang.Object java.lang.invoke.DirectMethodHandle$Holder.invokeSpecial(java.lang.Object, java.lang.Object, java.lang.Object, java.lang.Object, java.lang.Object, java.lang.Object, java.lang.Object, java.lang.Object, java.lang.Object, java.lang.Object, java.lang.Object, java.lang.Object, java.lang.Object)'> (0x000000008cf53fd0) thrown at [./src/hotspot/share/interpreter/linkResolver.cpp, line 773]
Event: 2.716 Thread 0x00000258c1e3c800 Exception <a 'java/lang/NoSuchMethodError'{0x000000008cf650d8}: 'java.lang.Object java.lang.invoke.DirectMethodHandle$Holder.invokeSpecial(java.lang.Object, java.lang.Object, java.lang.Object, java.lang.Object, java.lang.Object, java.lang.Object, java.lang.Object, java.lang.Object, java.lang.Object, java.lang.Object, java.lang.Object, java.lang.Object)'> (0x000000008cf650d8) thrown at [./src/hotspot/share/interpreter/linkResolver.cpp, line 773]
Event: 2.716 Thread 0x00000258c1e3c800 Exception <a 'java/lang/NoSuchMethodError'{0x000000008cf6a4a8}: 'java.lang.Object java.lang.invoke.Invokers$Holder.linkToTargetMethod(java.lang.Object, java.lang.Object, java.lang.Object, java.lang.Object, java.lang.Object, java.lang.Object, java.lang.Object, java.lang.Object, java.lang.Object, java.lang.Object, java.lang.Object)'> (0x000000008cf6a4a8) thrown at [./src/hotspot/share/interpreter/linkResolver.cpp, line 773]
Event: 2.720 Thread 0x00000258c1e3c800 Exception <a 'java/lang/NoSuchMethodError'{0x000000008ce03080}: 'java.lang.Object java.lang.invoke.DirectMethodHandle$Holder.invokeSpecial(java.lang.Object, java.lang.Object, java.lang.Object, java.lang.Object, java.lang.Object, java.lang.Object, java.lang.Object, java.lang.Object, java.lang.Object, java.lang.Object, java.lang.Object, java.lang.Object, java.lang.Object, java.lang.Object)'> (0x000000008ce03080) thrown at [./src/hotspot/share/interpreter/linkResolver.cpp, line 773]
Event: 2.721 Thread 0x00000258c1e3c800 Exception <a 'java/lang/NoSuchMethodError'{0x000000008ce149a0}: 'java.lang.Object java.lang.invoke.Invokers$Holder.linkToTargetMethod(java.lang.Object, java.lang.Object, java.lang.Object, java.lang.Object, java.lang.Object, java.lang.Object, java.lang.Object, java.lang.Object, java.lang.Object, java.lang.Object, java.lang.Object, java.lang.Object)'> (0x000000008ce149a0) thrown at [./src/hotspot/share/interpreter/linkResolver.cpp, line 773]
Event: 2.732 Thread 0x00000258c1e3c800 Exception <a 'java/lang/NoSuchMethodError'{0x000000008cefadf0}: 'java.lang.Object java.lang.invoke.DirectMethodHandle$Holder.invokeStaticInit(java.lang.Object, java.lang.Object, java.lang.Object, java.lang.Object)'> (0x000000008cefadf0) thrown at [./src/hotspot/share/interpreter/linkResolver.cpp, line 773]
Event: 2.814 Thread 0x00000258c1e3c800 Exception <a 'java/lang/NoSuchMethodError'{0x000000008c5851e8}: 'java.lang.Object java.lang.invoke.Invokers$Holder.linkToTargetMethod(java.lang.Object, java.lang.Object, java.lang.Object, java.lang.Object, java.lang.Object, java.lang.Object, java.lang.Object, java.lang.Object)'> (0x000000008c5851e8) thrown at [./src/hotspot/share/interpreter/linkResolver.cpp, line 773]
Event: 2.818 Thread 0x00000258c1e3c800 Exception <a 'java/lang/NoSuchMethodError'{0x000000008c5ddcb0}: 'java.lang.Object java.lang.invoke.Invokers$Holder.linkToTargetMethod(java.lang.Object, java.lang.Object, java.lang.Object, java.lang.Object, java.lang.Object, java.lang.Object, java.lang.Object)'> (0x000000008c5ddcb0) thrown at [./src/hotspot/share/interpreter/linkResolver.cpp, line 773]
Event: 2.822 Thread 0x00000258c1e3c800 Exception <a 'java/lang/IncompatibleClassChangeError'{0x000000008c4346e0}: Found class java.lang.Object, but interface was expected> (0x000000008c4346e0) thrown at [./src/hotspot/share/interpreter/linkResolver.cpp, line 839]

Events (20 events):
Event: 2.971 loading class org/codehaus/groovy/util/SingleKeyHashMap$Copier done
Event: 2.971 loading class groovy/lang/Tuple2
Event: 2.971 loading class groovy/lang/Tuple2 done
Event: 2.971 loading class groovy/lang/Tuple
Event: 2.971 loading class groovy/lang/Tuple done
Event: 2.972 loading class org/codehaus/groovy/ast/ClassNode
Event: 2.972 loading class org/codehaus/groovy/ast/ClassNode done
Event: 2.973 loading class groovyjarjarasm/asm/Opcodes
Event: 2.973 loading class groovyjarjarasm/asm/Opcodes done
Event: 2.974 Executing VM operation: CollectForMetadataAllocation
Event: 2.974 Executing VM operation: CollectForMetadataAllocation done
Event: 2.974 loading class org/codehaus/groovy/ast/AnnotatedNode
Event: 2.974 loading class org/codehaus/groovy/ast/AnnotatedNode done
Event: 2.974 loading class groovy/lang/groovydoc/GroovydocHolder
Event: 2.974 loading class groovy/lang/groovydoc/GroovydocHolder done
Event: 2.974 loading class org/codehaus/groovy/ast/ASTNode
Event: 2.974 loading class org/codehaus/groovy/ast/ASTNode done
Event: 2.974 loading class org/codehaus/groovy/ast/NodeMetaDataHandler
Event: 2.974 loading class org/codehaus/groovy/ast/NodeMetaDataHandler done
Event: 2.975 loading class org/codehaus/groovy/runtime/metaclass/MetaMethodIndex$Header


Dynamic libraries:
0x00007ff642230000 - 0x00007ff64223a000 	C:\Program Files\Android\Android Studio\jre\bin\java.exe
0x00007ffc04f70000 - 0x00007ffc05168000 	C:\WINDOWS\SYSTEM32\ntdll.dll
0x00007ffc04890000 - 0x00007ffc0494f000 	C:\WINDOWS\System32\KERNEL32.DLL
0x00007ffc02c00000 - 0x00007ffc02ed2000 	C:\WINDOWS\System32\KERNELBASE.dll
0x00007ffc027d0000 - 0x00007ffc028d0000 	C:\WINDOWS\System32\ucrtbase.dll
0x00007ffbe1850000 - 0x00007ffbe1869000 	C:\Program Files\Android\Android Studio\jre\bin\jli.dll
0x00007ffbe19d0000 - 0x00007ffbe19e7000 	C:\Program Files\Android\Android Studio\jre\bin\VCRUNTIME140.dll
0x00007ffc03640000 - 0x00007ffc037dd000 	C:\WINDOWS\System32\USER32.dll
0x00007ffbf1390000 - 0x00007ffbf162a000 	C:\WINDOWS\WinSxS\amd64_microsoft.windows.common-controls_6595b64144ccf1df_6.0.19041.1110_none_60b5254171f9507e\COMCTL32.dll
0x00007ffc028d0000 - 0x00007ffc028f2000 	C:\WINDOWS\System32\win32u.dll
0x00007ffc047f0000 - 0x00007ffc0488e000 	C:\WINDOWS\System32\msvcrt.dll
0x00007ffc04cc0000 - 0x00007ffc04ceb000 	C:\WINDOWS\System32\GDI32.dll
0x00007ffc02970000 - 0x00007ffc02a7f000 	C:\WINDOWS\System32\gdi32full.dll
0x00007ffc02ab0000 - 0x00007ffc02b4d000 	C:\WINDOWS\System32\msvcp_win.dll
0x00007ffc04ef0000 - 0x00007ffc04f22000 	C:\WINDOWS\System32\IMM32.DLL
0x00007ffbd9700000 - 0x00007ffbd979d000 	C:\Program Files\Android\Android Studio\jre\bin\msvcp140.dll
0x00007ffbcbc90000 - 0x00007ffbcc792000 	C:\Program Files\Android\Android Studio\jre\bin\server\jvm.dll
0x00007ffc03990000 - 0x00007ffc03a3e000 	C:\WINDOWS\System32\ADVAPI32.dll
0x00007ffc049e0000 - 0x00007ffc04a7c000 	C:\WINDOWS\System32\sechost.dll
0x00007ffc04a80000 - 0x00007ffc04ba5000 	C:\WINDOWS\System32\RPCRT4.dll
0x00007ffc04190000 - 0x00007ffc04198000 	C:\WINDOWS\System32\PSAPI.DLL
0x00007ffbfdaa0000 - 0x00007ffbfdaa9000 	C:\WINDOWS\SYSTEM32\WSOCK32.dll
0x00007ffbf1220000 - 0x00007ffbf1247000 	C:\WINDOWS\SYSTEM32\WINMM.dll
0x00007ffbfd450000 - 0x00007ffbfd45a000 	C:\WINDOWS\SYSTEM32\VERSION.dll
0x00007ffc04e80000 - 0x00007ffc04eeb000 	C:\WINDOWS\System32\WS2_32.dll
0x00007ffc00ea0000 - 0x00007ffc00eb2000 	C:\WINDOWS\SYSTEM32\kernel.appcore.dll
0x00007ffbfc200000 - 0x00007ffbfc211000 	C:\Program Files\Android\Android Studio\jre\bin\verify.dll
0x00007ffc004e0000 - 0x00007ffc006c4000 	C:\WINDOWS\SYSTEM32\DBGHELP.DLL
0x00007ffbfc720000 - 0x00007ffbfc74c000 	C:\WINDOWS\SYSTEM32\dbgcore.DLL
0x00007ffc02f30000 - 0x00007ffc02fb2000 	C:\WINDOWS\System32\bcryptPrimitives.dll
0x00007ffbfbff0000 - 0x00007ffbfc019000 	C:\Program Files\Android\Android Studio\jre\bin\java.dll
0x00007ffbfda90000 - 0x00007ffbfda9b000 	C:\Program Files\Android\Android Studio\jre\bin\jimage.dll
0x00007ffbfc0b0000 - 0x00007ffbfc0c8000 	C:\Program Files\Android\Android Studio\jre\bin\zip.dll
0x00007ffc03a40000 - 0x00007ffc04183000 	C:\WINDOWS\System32\SHELL32.dll
0x00007ffc006f0000 - 0x00007ffc00e82000 	C:\WINDOWS\SYSTEM32\windows.storage.dll
0x00007ffc03150000 - 0x00007ffc034a4000 	C:\WINDOWS\System32\combase.dll
0x00007ffc020b0000 - 0x00007ffc020e0000 	C:\WINDOWS\SYSTEM32\Wldp.dll
0x00007ffc04bb0000 - 0x00007ffc04c5d000 	C:\WINDOWS\System32\SHCORE.dll
0x00007ffc035e0000 - 0x00007ffc03635000 	C:\WINDOWS\System32\shlwapi.dll
0x00007ffc025b0000 - 0x00007ffc025cf000 	C:\WINDOWS\SYSTEM32\profapi.dll
0x00007ffbfbe30000 - 0x00007ffbfbe4a000 	C:\Program Files\Android\Android Studio\jre\bin\net.dll
0x00007ffbfcf70000 - 0x00007ffbfd07c000 	C:\WINDOWS\SYSTEM32\WINHTTP.dll
0x00007ffc01de0000 - 0x00007ffc01e4a000 	C:\WINDOWS\system32\mswsock.dll
0x00007ffbfbc40000 - 0x00007ffbfbc54000 	C:\Program Files\Android\Android Studio\jre\bin\nio.dll
0x00007ffbe1600000 - 0x00007ffbe1627000 	C:\Users\Adrian\.gradle\native\e1d6ef7f7dcc3fd88c89a11ec53ec762bb8ba0a96d01ffa2cd45eb1d1d8dd5c5\windows-amd64\native-platform.dll
0x00007ffbd0aa0000 - 0x00007ffbd0be4000 	C:\Users\Adrian\.gradle\native\0d407fdbe67a94daf76414ababcb853783967236a71b16ec16e742cd7a986fd3\windows-amd64\native-platform-file-events.dll
0x00007ffbfc8a0000 - 0x00007ffbfc8aa000 	C:\Program Files\Android\Android Studio\jre\bin\management.dll
0x00007ffbfc090000 - 0x00007ffbfc09d000 	C:\Program Files\Android\Android Studio\jre\bin\management_ext.dll
0x00007ffc01fa0000 - 0x00007ffc01fb8000 	C:\WINDOWS\SYSTEM32\CRYPTSP.dll
0x00007ffc016a0000 - 0x00007ffc016d4000 	C:\WINDOWS\system32\rsaenh.dll
0x00007ffc02a80000 - 0x00007ffc02aa7000 	C:\WINDOWS\System32\bcrypt.dll
0x00007ffc02530000 - 0x00007ffc0255e000 	C:\WINDOWS\SYSTEM32\USERENV.dll
0x00007ffc01f90000 - 0x00007ffc01f9c000 	C:\WINDOWS\SYSTEM32\CRYPTBASE.dll
0x00007ffc01a90000 - 0x00007ffc01acb000 	C:\WINDOWS\SYSTEM32\IPHLPAPI.DLL
0x00007ffc035d0000 - 0x00007ffc035d8000 	C:\WINDOWS\System32\NSI.dll
0x00007ffbfd990000 - 0x00007ffbfd9a7000 	C:\WINDOWS\SYSTEM32\dhcpcsvc6.DLL
0x00007ffbfd970000 - 0x00007ffbfd98d000 	C:\WINDOWS\SYSTEM32\dhcpcsvc.DLL
0x00007ffc01ae0000 - 0x00007ffc01baa000 	C:\WINDOWS\SYSTEM32\DNSAPI.dll

dbghelp: loaded successfully - version: 4.0.5 - missing functions: none
symbol engine: initialized successfully - sym options: 0x614 - pdb path: .;C:\Program Files\Android\Android Studio\jre\bin;C:\WINDOWS\SYSTEM32;C:\WINDOWS\WinSxS\amd64_microsoft.windows.common-controls_6595b64144ccf1df_6.0.19041.1110_none_60b5254171f9507e;C:\Program Files\Android\Android Studio\jre\bin\server;C:\Users\Adrian\.gradle\native\e1d6ef7f7dcc3fd88c89a11ec53ec762bb8ba0a96d01ffa2cd45eb1d1d8dd5c5\windows-amd64;C:\Users\Adrian\.gradle\native\0d407fdbe67a94daf76414ababcb853783967236a71b16ec16e742cd7a986fd3\windows-amd64

VM Arguments:
jvm_args: --add-opens=java.base/java.util=ALL-UNNAMED --add-opens=java.base/java.lang=ALL-UNNAMED --add-opens=java.base/java.lang.invoke=ALL-UNNAMED --add-opens=java.base/java.util=ALL-UNNAMED --add-opens=java.prefs/java.util.prefs=ALL-UNNAMED --add-opens=java.prefs/java.util.prefs=ALL-UNNAMED --add-opens=java.base/java.nio.charset=ALL-UNNAMED --add-opens=java.base/java.net=ALL-UNNAMED --add-opens=java.base/java.util.concurrent.atomic=ALL-UNNAMED -Xmx2048m -Dfile.encoding=UTF-8 -Duser.country=US -Duser.language=en -Duser.variant 
java_command: org.gradle.launcher.daemon.bootstrap.GradleDaemon 7.4
java_class_path (initial): C:\Users\Adrian\.gradle\wrapper\dists\gradle-7.4-bin\c0gwcg53nkjbqw7r0h0umtfvt\gradle-7.4\lib\gradle-launcher-7.4.jar
Launcher Type: SUN_STANDARD

[Global flags]
     intx CICompilerCount                          = 12                                        {product} {ergonomic}
     uint ConcGCThreads                            = 3                                         {product} {ergonomic}
     uint G1ConcRefinementThreads                  = 13                                        {product} {ergonomic}
   size_t G1HeapRegionSize                         = 1048576                                   {product} {ergonomic}
    uintx GCDrainStackTargetSize                   = 64                                        {product} {ergonomic}
   size_t InitialHeapSize                          = 268435456                                 {product} {ergonomic}
   size_t MarkStackSize                            = 4194304                                   {product} {ergonomic}
   size_t MaxHeapSize                              = 2147483648                                {product} {command line}
   size_t MaxNewSize                               = 1287651328                                {product} {ergonomic}
   size_t MinHeapDeltaBytes                        = 1048576                                   {product} {ergonomic}
    uintx NonNMethodCodeHeapSize                   = 7594288                                {pd product} {ergonomic}
    uintx NonProfiledCodeHeapSize                  = 122031976                              {pd product} {ergonomic}
    uintx ProfiledCodeHeapSize                     = 122031976                              {pd product} {ergonomic}
    uintx ReservedCodeCacheSize                    = 251658240                              {pd product} {ergonomic}
     bool SegmentedCodeCache                       = true                                      {product} {ergonomic}
     bool UseCompressedClassPointers               = true                                 {lp64_product} {ergonomic}
     bool UseCompressedOops                        = true                                 {lp64_product} {ergonomic}
     bool UseG1GC                                  = true                                      {product} {ergonomic}
     bool UseLargePagesIndividualAllocation        = false                                  {pd product} {ergonomic}

Logging:
Log output configuration:
 #0: stdout all=warning uptime,level,tags
 #1: stderr all=off uptime,level,tags

Environment Variables:
JAVA_HOME=C:\Program Files\Java\jdk-17.0.2
CLASSPATH=C:\Program Files\Java\jdk-17.0.2\lib\*.jar
PATH=C:\Program Files\Common Files\Oracle\Java\javapath;C:\Program Files (x86)\Common Files\Oracle\Java\javapath;C:\Program Files (x86)\Razer Chroma SDK\bin;C:\Program Files\Razer Chroma SDK\bin;C:\Program Files (x86)\Razer\ChromaBroadcast\bin;C:\Program Files\Razer\ChromaBroadcast\bin;C:\WINDOWS\system32;C:\WINDOWS;C:\WINDOWS\System32\Wbem;C:\WINDOWS\System32\WindowsPowerShell\v1.0\;C:\WINDOWS\System32\OpenSSH\;C:\Program Files (x86)\NVIDIA Corporation\PhysX\Common;C:\Program Files\NVIDIA Corporation\NVIDIA NvDLISR;C:\Program Files\Java\jdk-17.0.2\bin;C:\WINDOWS\system32\config\systemprofile\AppData\Local\Microsoft\WindowsApps;C:\MinGW\bin;O:\Program Files\nodejs\;C:\Program Files\Git\cmd;C:\Program Files (x86)\Pulse Secure\VC142.CRT\X64\;C:\Program Files (x86)\Pulse Secure\VC142.CRT\X86\;C:\Users\Adrian\AppData\Local\Programs\Python\Python39\Scripts\;C:\Users\Adrian\AppData\Local\Programs\Python\Python39\;C:\Users\Adrian\AppData\Local\Microsoft\WindowsApps;C:\Users\Adrian\AppData\Local\Programs\Microsoft VS Code\bin;C:\Users\Adrian\AppData\Roaming\npm;C:\Program Files\Java\jdk-18.0.2.1\bin;C:\Users\Adrian\AppData\Local\Google\Cloud SDK\google-cloud-sdk\bin
USERNAME=Adrian
OS=Windows_NT
PROCESSOR_IDENTIFIER=AMD64 Family 23 Model 1 Stepping 1, AuthenticAMD



---------------  S Y S T E M  ---------------

OS: Windows 10 , 64 bit Build 19041 (10.0.19041.2251)
OS uptime: 19 days 15:52 hours
Hyper-V role detected

CPU:total 16 (initial active 16) (16 cores per cpu, 2 threads per core) family 23 model 1 stepping 1 microcode 0x0, cmov, cx8, fxsr, mmx, sse, sse2, sse3, ssse3, sse4.1, sse4.2, popcnt, avx, avx2, aes, clmul, mmxext, 3dnowpref, lzcnt, sse4a, ht, tsc, tscinvbit, tscinv, bmi1, bmi2, adx, sha, fma

Memory: 4k page, system-wide physical 16332M (1783M free)
TotalPageFile size 65484M (AvailPageFile size 1M)
current process WorkingSet (physical memory assigned to process): 285M, peak: 285M
current process commit charge ("private bytes"): 457M, peak: 460M

vm_info: OpenJDK 64-Bit Server VM (11.0.13+0-b1751.21-8125866) for windows-amd64 JRE (11.0.13+0-b1751.21-8125866), built on Feb  2 2022 03:00:22 by "builder" with MS VC++ 14.0 (VS2015)

END.
